<?xml version="1.0" encoding="UTF-8"?>
<testsuite xmlns:xsi="http://www.w3.org/2001/XMLSchema-instance" xsi:noNamespaceSchemaLocation="https://maven.apache.org/surefire/maven-surefire-plugin/xsd/surefire-test-report-3.0.xsd" version="3.0" name="com.javalaabs.patterns.behavioral.strategy.StrategyTest" time="0.016" tests="6" errors="0" skipped="0" failures="0">
  <properties>
    <property name="socksProxyHost" value="127.0.0.1"/>
    <property name="http.proxyHost" value="127.0.0.1"/>
    <property name="java.specification.version" value="17"/>
    <property name="sun.jnu.encoding" value="UTF-8"/>
    <property name="java.class.path" value="/Users/ht/IdeaProjects/ME/Java-Labs/java-design-patterns/target/test-classes:/Users/ht/IdeaProjects/ME/Java-Labs/java-design-patterns/target/classes:/Users/ht/.m2/repository/org/projectlombok/lombok/1.18.32/lombok-1.18.32.jar:/Users/ht/.m2/repository/org/apache/commons/commons-lang3/3.14.0/commons-lang3-3.14.0.jar:/Users/ht/.m2/repository/com/fasterxml/jackson/core/jackson-databind/2.17.2/jackson-databind-2.17.2.jar:/Users/ht/.m2/repository/com/fasterxml/jackson/core/jackson-annotations/2.17.2/jackson-annotations-2.17.2.jar:/Users/ht/.m2/repository/com/fasterxml/jackson/core/jackson-core/2.17.2/jackson-core-2.17.2.jar:/Users/ht/.m2/repository/org/slf4j/slf4j-api/2.0.13/slf4j-api-2.0.13.jar:/Users/ht/.m2/repository/ch/qos/logback/logback-classic/1.5.6/logback-classic-1.5.6.jar:/Users/ht/.m2/repository/ch/qos/logback/logback-core/1.5.6/logback-core-1.5.6.jar:/Users/ht/.m2/repository/org/junit/jupiter/junit-jupiter/5.10.2/junit-jupiter-5.10.2.jar:/Users/ht/.m2/repository/org/junit/jupiter/junit-jupiter-api/5.10.2/junit-jupiter-api-5.10.2.jar:/Users/ht/.m2/repository/org/opentest4j/opentest4j/1.3.0/opentest4j-1.3.0.jar:/Users/ht/.m2/repository/org/junit/platform/junit-platform-commons/1.10.2/junit-platform-commons-1.10.2.jar:/Users/ht/.m2/repository/org/apiguardian/apiguardian-api/1.1.2/apiguardian-api-1.1.2.jar:/Users/ht/.m2/repository/org/junit/jupiter/junit-jupiter-params/5.10.2/junit-jupiter-params-5.10.2.jar:/Users/ht/.m2/repository/org/junit/jupiter/junit-jupiter-engine/5.10.2/junit-jupiter-engine-5.10.2.jar:/Users/ht/.m2/repository/org/junit/platform/junit-platform-engine/1.10.2/junit-platform-engine-1.10.2.jar:/Users/ht/.m2/repository/org/mockito/mockito-core/5.11.0/mockito-core-5.11.0.jar:/Users/ht/.m2/repository/net/bytebuddy/byte-buddy/1.14.12/byte-buddy-1.14.12.jar:/Users/ht/.m2/repository/net/bytebuddy/byte-buddy-agent/1.14.12/byte-buddy-agent-1.14.12.jar:/Users/ht/.m2/repository/org/objenesis/objenesis/3.3/objenesis-3.3.jar:/Users/ht/.m2/repository/org/assertj/assertj-core/3.25.3/assertj-core-3.25.3.jar:"/>
    <property name="https.proxyPort" value="7897"/>
    <property name="java.vm.vendor" value="Amazon.com Inc."/>
    <property name="sun.arch.data.model" value="64"/>
    <property name="java.vendor.url" value="https://aws.amazon.com/corretto/"/>
    <property name="user.timezone" value="Asia/Shanghai"/>
    <property name="os.name" value="Mac OS X"/>
    <property name="java.vm.specification.version" value="17"/>
    <property name="sun.java.launcher" value="SUN_STANDARD"/>
    <property name="user.country" value="CN"/>
    <property name="sun.boot.library.path" value="/Users/ht/Library/Java/JavaVirtualMachines/corretto-17.0.12/Contents/Home/lib"/>
    <property name="sun.java.command" value="/Users/ht/IdeaProjects/ME/Java-Labs/java-design-patterns/target/surefire/surefirebooter-20250926181759877_3.jar /Users/ht/IdeaProjects/ME/Java-Labs/java-design-patterns/target/surefire 2025-09-26T18-17-59_828-jvmRun1 surefire-20250926181759877_1tmp surefire_0-20250926181759877_2tmp"/>
    <property name="http.nonProxyHosts" value="local|*.local|169.254/16|*.169.254/16"/>
    <property name="jdk.debug" value="release"/>
    <property name="surefire.test.class.path" value="/Users/ht/IdeaProjects/ME/Java-Labs/java-design-patterns/target/test-classes:/Users/ht/IdeaProjects/ME/Java-Labs/java-design-patterns/target/classes:/Users/ht/.m2/repository/org/projectlombok/lombok/1.18.32/lombok-1.18.32.jar:/Users/ht/.m2/repository/org/apache/commons/commons-lang3/3.14.0/commons-lang3-3.14.0.jar:/Users/ht/.m2/repository/com/fasterxml/jackson/core/jackson-databind/2.17.2/jackson-databind-2.17.2.jar:/Users/ht/.m2/repository/com/fasterxml/jackson/core/jackson-annotations/2.17.2/jackson-annotations-2.17.2.jar:/Users/ht/.m2/repository/com/fasterxml/jackson/core/jackson-core/2.17.2/jackson-core-2.17.2.jar:/Users/ht/.m2/repository/org/slf4j/slf4j-api/2.0.13/slf4j-api-2.0.13.jar:/Users/ht/.m2/repository/ch/qos/logback/logback-classic/1.5.6/logback-classic-1.5.6.jar:/Users/ht/.m2/repository/ch/qos/logback/logback-core/1.5.6/logback-core-1.5.6.jar:/Users/ht/.m2/repository/org/junit/jupiter/junit-jupiter/5.10.2/junit-jupiter-5.10.2.jar:/Users/ht/.m2/repository/org/junit/jupiter/junit-jupiter-api/5.10.2/junit-jupiter-api-5.10.2.jar:/Users/ht/.m2/repository/org/opentest4j/opentest4j/1.3.0/opentest4j-1.3.0.jar:/Users/ht/.m2/repository/org/junit/platform/junit-platform-commons/1.10.2/junit-platform-commons-1.10.2.jar:/Users/ht/.m2/repository/org/apiguardian/apiguardian-api/1.1.2/apiguardian-api-1.1.2.jar:/Users/ht/.m2/repository/org/junit/jupiter/junit-jupiter-params/5.10.2/junit-jupiter-params-5.10.2.jar:/Users/ht/.m2/repository/org/junit/jupiter/junit-jupiter-engine/5.10.2/junit-jupiter-engine-5.10.2.jar:/Users/ht/.m2/repository/org/junit/platform/junit-platform-engine/1.10.2/junit-platform-engine-1.10.2.jar:/Users/ht/.m2/repository/org/mockito/mockito-core/5.11.0/mockito-core-5.11.0.jar:/Users/ht/.m2/repository/net/bytebuddy/byte-buddy/1.14.12/byte-buddy-1.14.12.jar:/Users/ht/.m2/repository/net/bytebuddy/byte-buddy-agent/1.14.12/byte-buddy-agent-1.14.12.jar:/Users/ht/.m2/repository/org/objenesis/objenesis/3.3/objenesis-3.3.jar:/Users/ht/.m2/repository/org/assertj/assertj-core/3.25.3/assertj-core-3.25.3.jar:"/>
    <property name="sun.cpu.endian" value="little"/>
    <property name="user.home" value="/Users/ht"/>
    <property name="user.language" value="zh"/>
    <property name="java.specification.vendor" value="Oracle Corporation"/>
    <property name="java.version.date" value="2024-07-16"/>
    <property name="java.home" value="/Users/ht/Library/Java/JavaVirtualMachines/corretto-17.0.12/Contents/Home"/>
    <property name="file.separator" value="/"/>
    <property name="https.proxyHost" value="127.0.0.1"/>
    <property name="basedir" value="/Users/ht/IdeaProjects/ME/Java-Labs/java-design-patterns"/>
    <property name="java.vm.compressedOopsMode" value="Zero based"/>
    <property name="line.separator" value="&#10;"/>
    <property name="java.vm.specification.vendor" value="Oracle Corporation"/>
    <property name="java.specification.name" value="Java Platform API Specification"/>
    <property name="surefire.real.class.path" value="/Users/ht/IdeaProjects/ME/Java-Labs/java-design-patterns/target/surefire/surefirebooter-20250926181759877_3.jar"/>
    <property name="user.script" value="Hans"/>
    <property name="sun.management.compiler" value="HotSpot 64-Bit Tiered Compilers"/>
    <property name="ftp.nonProxyHosts" value="local|*.local|169.254/16|*.169.254/16"/>
    <property name="java.runtime.version" value="17.0.12+7-LTS"/>
    <property name="user.name" value="ht"/>
    <property name="path.separator" value=":"/>
    <property name="os.version" value="15.2"/>
    <property name="java.runtime.name" value="OpenJDK Runtime Environment"/>
    <property name="file.encoding" value="UTF-8"/>
    <property name="java.vm.name" value="OpenJDK 64-Bit Server VM"/>
    <property name="java.vendor.version" value="Corretto-17.0.12.7.1"/>
    <property name="localRepository" value="/Users/ht/.m2/repository"/>
    <property name="java.vendor.url.bug" value="https://github.com/corretto/corretto-17/issues/"/>
    <property name="java.io.tmpdir" value="/var/folders/7w/ts32zjl92tj19dlppcc0pgr40000gn/T/"/>
    <property name="java.version" value="17.0.12"/>
    <property name="user.dir" value="/Users/ht/IdeaProjects/ME/Java-Labs/java-design-patterns"/>
    <property name="os.arch" value="aarch64"/>
    <property name="socksProxyPort" value="7897"/>
    <property name="java.vm.specification.name" value="Java Virtual Machine Specification"/>
    <property name="native.encoding" value="UTF-8"/>
    <property name="java.library.path" value="/Users/ht/Library/Java/Extensions:/Library/Java/Extensions:/Network/Library/Java/Extensions:/System/Library/Java/Extensions:/usr/lib/java:."/>
    <property name="java.vm.info" value="mixed mode, sharing"/>
    <property name="java.vendor" value="Amazon.com Inc."/>
    <property name="java.vm.version" value="17.0.12+7-LTS"/>
    <property name="sun.io.unicode.encoding" value="UnicodeBig"/>
    <property name="socksNonProxyHosts" value="local|*.local|169.254/16|*.169.254/16"/>
    <property name="java.class.version" value="61.0"/>
    <property name="http.proxyPort" value="7897"/>
  </properties>
  <testcase name="testSubtractStrategy" classname="com.javalaabs.patterns.behavioral.strategy.StrategyTest" time="0.004">
    <system-out><![CDATA[18:18:00.286 [main] INFO com.javalaabs.patterns.behavioral.strategy.Context -- 切换策略: 减法策略
18:18:00.286 [main] INFO com.javalaabs.patterns.behavioral.strategy.Context -- 使用策略 [减法策略] 执行计算
18:18:00.286 [main] INFO com.javalaabs.patterns.behavioral.strategy.SubtractStrategy -- 执行减法策略: 10 - 5 = 5
]]></system-out>
  </testcase>
  <testcase name="testStrategySwitch" classname="com.javalaabs.patterns.behavioral.strategy.StrategyTest" time="0.002">
    <system-out><![CDATA[18:18:00.288 [main] INFO com.javalaabs.patterns.behavioral.strategy.Context -- 切换策略: 加法策略
18:18:00.288 [main] INFO com.javalaabs.patterns.behavioral.strategy.Context -- 使用策略 [加法策略] 执行计算
18:18:00.288 [main] INFO com.javalaabs.patterns.behavioral.strategy.AddStrategy -- 执行加法策略: 8 + 4 = 12
18:18:00.288 [main] INFO com.javalaabs.patterns.behavioral.strategy.Context -- 切换策略: 减法策略
18:18:00.288 [main] INFO com.javalaabs.patterns.behavioral.strategy.Context -- 使用策略 [减法策略] 执行计算
18:18:00.288 [main] INFO com.javalaabs.patterns.behavioral.strategy.SubtractStrategy -- 执行减法策略: 8 - 4 = 4
18:18:00.288 [main] INFO com.javalaabs.patterns.behavioral.strategy.Context -- 切换策略: 乘法策略
18:18:00.288 [main] INFO com.javalaabs.patterns.behavioral.strategy.Context -- 使用策略 [乘法策略] 执行计算
18:18:00.288 [main] INFO com.javalaabs.patterns.behavioral.strategy.MultiplyStrategy -- 执行乘法策略: 8 * 4 = 32
]]></system-out>
  </testcase>
  <testcase name="testAddStrategy" classname="com.javalaabs.patterns.behavioral.strategy.StrategyTest" time="0.0">
    <system-out><![CDATA[18:18:00.290 [main] INFO com.javalaabs.patterns.behavioral.strategy.Context -- 切换策略: 加法策略
18:18:00.290 [main] INFO com.javalaabs.patterns.behavioral.strategy.Context -- 使用策略 [加法策略] 执行计算
18:18:00.290 [main] INFO com.javalaabs.patterns.behavioral.strategy.AddStrategy -- 执行加法策略: 10 + 5 = 15
]]></system-out>
  </testcase>
  <testcase name="testMultiplyStrategy" classname="com.javalaabs.patterns.behavioral.strategy.StrategyTest" time="0.0">
    <system-out><![CDATA[18:18:00.291 [main] INFO com.javalaabs.patterns.behavioral.strategy.Context -- 切换策略: 乘法策略
18:18:00.291 [main] INFO com.javalaabs.patterns.behavioral.strategy.Context -- 使用策略 [乘法策略] 执行计算
18:18:00.291 [main] INFO com.javalaabs.patterns.behavioral.strategy.MultiplyStrategy -- 执行乘法策略: 10 * 5 = 50
]]></system-out>
  </testcase>
  <testcase name="testStrategyNames" classname="com.javalaabs.patterns.behavioral.strategy.StrategyTest" time="0.001"/>
  <testcase name="testNoStrategyException" classname="com.javalaabs.patterns.behavioral.strategy.StrategyTest" time="0.002"/>
</testsuite>